0 info it worked if it ends with ok
1 verbose cli [ 'C:\\Program Files\\nodejs\\node.exe',
1 verbose cli   'C:\\Program Files\\nodejs\\node_modules\\npm\\bin\\npm-cli.js',
1 verbose cli   'run',
1 verbose cli   'build' ]
2 info using npm@3.10.8
3 info using node@v6.9.1
4 verbose run-script [ 'prebuild', 'build', 'postbuild' ]
5 info lifecycle foundation-emails-template@1.0.0~prebuild: foundation-emails-template@1.0.0
6 silly lifecycle foundation-emails-template@1.0.0~prebuild: no script for prebuild, continuing
7 info lifecycle foundation-emails-template@1.0.0~build: foundation-emails-template@1.0.0
8 verbose lifecycle foundation-emails-template@1.0.0~build: unsafe-perm in lifecycle true
9 verbose lifecycle foundation-emails-template@1.0.0~build: PATH: C:\Program Files\nodejs\node_modules\npm\bin\node-gyp-bin;D:\Work\Sajat\Respo_eDM\Respo_eDM_Fundation\node_modules\.bin;C:\Program Files (x86)\NVIDIA Corporation\PhysX\Common;C:\WINDOWS\system32;C:\WINDOWS;C:\WINDOWS\System32\Wbem;C:\WINDOWS\System32\WindowsPowerShell\v1.0\;C:\Program Files (x86)\Calibre2\;C:\Program Files (x86)\Skype\Phone\;C:\Program Files\nodejs\;C:\Program Files (x86)\PuTTY\;C:\wamp64\bin\php\php5.6.25;C:\ProgramData\ComposerSetup\bin;C:\Program Files\Git\cmd;C:\Users\kiro\AppData\Local\Microsoft\WindowsApps;C:\Users\kiro\AppData\Roaming\npm;C:\Users\kiro\AppData\Roaming\Composer\vendor\bin
10 verbose lifecycle foundation-emails-template@1.0.0~build: CWD: D:\Work\Sajat\Respo_eDM\Respo_eDM_Fundation
11 silly lifecycle foundation-emails-template@1.0.0~build: Args: [ '/d /s /c', 'gulp --production' ]
12 silly lifecycle foundation-emails-template@1.0.0~build: Returned: code: 1  signal: null
13 info lifecycle foundation-emails-template@1.0.0~build: Failed to exec build script
14 verbose stack Error: foundation-emails-template@1.0.0 build: `gulp --production`
14 verbose stack Exit status 1
14 verbose stack     at EventEmitter.<anonymous> (C:\Program Files\nodejs\node_modules\npm\lib\utils\lifecycle.js:255:16)
14 verbose stack     at emitTwo (events.js:106:13)
14 verbose stack     at EventEmitter.emit (events.js:191:7)
14 verbose stack     at ChildProcess.<anonymous> (C:\Program Files\nodejs\node_modules\npm\lib\utils\spawn.js:40:14)
14 verbose stack     at emitTwo (events.js:106:13)
14 verbose stack     at ChildProcess.emit (events.js:191:7)
14 verbose stack     at maybeClose (internal/child_process.js:877:16)
14 verbose stack     at Process.ChildProcess._handle.onexit (internal/child_process.js:226:5)
15 verbose pkgid foundation-emails-template@1.0.0
16 verbose cwd D:\Work\Sajat\Respo_eDM\Respo_eDM_Fundation
17 error Windows_NT 10.0.14393
18 error argv "C:\\Program Files\\nodejs\\node.exe" "C:\\Program Files\\nodejs\\node_modules\\npm\\bin\\npm-cli.js" "run" "build"
19 error node v6.9.1
20 error npm  v3.10.8
21 error code ELIFECYCLE
22 error foundation-emails-template@1.0.0 build: `gulp --production`
22 error Exit status 1
23 error Failed at the foundation-emails-template@1.0.0 build script 'gulp --production'.
23 error Make sure you have the latest version of node.js and npm installed.
23 error If you do, this is most likely a problem with the foundation-emails-template package,
23 error not with npm itself.
23 error Tell the author that this fails on your system:
23 error     gulp --production
23 error You can get information on how to open an issue for this project with:
23 error     npm bugs foundation-emails-template
23 error Or if that isn't available, you can get their info via:
23 error     npm owner ls foundation-emails-template
23 error There is likely additional logging output above.
24 verbose exit [ 1, true ]
